\BOOKMARK [1][]{section.1}{Contexte}{}% 1
\BOOKMARK [2][]{subsection.1.1}{Objectifs}{section.1}% 2
\BOOKMARK [1][]{section.2}{Architecture du syst\350me}{}% 3
\BOOKMARK [2][]{subsection.2.1}{Architecture mat\351rielle}{section.2}% 4
\BOOKMARK [2][]{subsection.2.2}{Architecture logicielle}{section.2}% 5
\BOOKMARK [1][]{section.3}{D\351veloppement de l'application}{}% 6
\BOOKMARK [2][]{subsection.3.1}{Application syst\350me}{section.3}% 7
\BOOKMARK [3][]{subsubsection.3.1.1}{Programme principal}{subsection.3.1}% 8
\BOOKMARK [3][]{subsubsection.3.1.2}{\311criture m\351moire}{subsection.3.1}% 9
\BOOKMARK [3][]{subsubsection.3.1.3}{D\351tection de mouvement}{subsection.3.1}% 10
\BOOKMARK [3][]{subsubsection.3.1.4}{Capture vid\351o}{subsection.3.1}% 11
\BOOKMARK [2][]{subsection.3.2}{Application web}{section.3}% 12
\BOOKMARK [3][]{subsubsection.3.2.1}{Page web index \(figure ??\)}{subsection.3.2}% 13
\BOOKMARK [3][]{subsubsection.3.2.2}{Programme CGI : video.cpp}{subsection.3.2}% 14
\BOOKMARK [3][]{subsubsection.3.2.3}{Programme CGI : action.c}{subsection.3.2}% 15
\BOOKMARK [3][]{subsubsection.3.2.4}{Page web de visualisation des vid\351os \(figure ??\)}{subsection.3.2}% 16
\BOOKMARK [2][]{subsection.3.3}{Probl\350mes rencontr\351s}{section.3}% 17
\BOOKMARK [3][]{subsubsection.3.3.1}{D\351tection de mouvement}{subsection.3.3}% 18
\BOOKMARK [3][]{subsubsection.3.3.2}{Enregistrement vid\351o}{subsection.3.3}% 19
\BOOKMARK [3][]{subsubsection.3.3.3}{Probl\350mes li\351s au mat\351riel}{subsection.3.3}% 20
\BOOKMARK [3][]{subsubsection.3.3.4}{Probl\350mes web}{subsection.3.3}% 21
\BOOKMARK [1][]{section.4}{Tests et r\351sultats}{}% 22
\BOOKMARK [1][]{section.5}{Perspectives d'am\351lioration}{}% 23
\BOOKMARK [1][]{section.6}{Conclusion}{}% 24
\BOOKMARK [1][]{section.6}{Annexes}{}% 25
\BOOKMARK [1][]{appendix.A}{Github}{}% 26
\BOOKMARK [1][]{appendix.B}{Driver vid\351o}{}% 27
